<?xml version="1.0" encoding="UTF-8"?>
<testsuites>
  <testsuite name="Application Test Suite" tests="12" assertions="13" errors="0" warnings="0" failures="0" skipped="0" time="4.627726">
    <testsuite name="FunctionnalTest" file="/mnt/d/arthur/Documents/Cours/YNOV/Mastère/CoorFrontBack/APIOpenJujitsu/tests/FunctionnalTest.php" tests="7" assertions="8" errors="0" warnings="0" failures="0" skipped="0" time="3.793225">
      <testcase name="testgetAccount" class="FunctionnalTest" classname="FunctionnalTest" file="/mnt/d/arthur/Documents/Cours/YNOV/Mastère/CoorFrontBack/APIOpenJujitsu/tests/FunctionnalTest.php" line="20" assertions="1" time="0.262844"/>
      <testcase name="testgetMedias" class="FunctionnalTest" classname="FunctionnalTest" file="/mnt/d/arthur/Documents/Cours/YNOV/Mastère/CoorFrontBack/APIOpenJujitsu/tests/FunctionnalTest.php" line="34" assertions="1" time="0.164625"/>
      <testcase name="testgetLastMedias" class="FunctionnalTest" classname="FunctionnalTest" file="/mnt/d/arthur/Documents/Cours/YNOV/Mastère/CoorFrontBack/APIOpenJujitsu/tests/FunctionnalTest.php" line="48" assertions="1" time="0.132911"/>
      <testcase name="testgetNews" class="FunctionnalTest" classname="FunctionnalTest" file="/mnt/d/arthur/Documents/Cours/YNOV/Mastère/CoorFrontBack/APIOpenJujitsu/tests/FunctionnalTest.php" line="63" assertions="1" time="0.128144"/>
      <testcase name="testPostRegister" class="FunctionnalTest" classname="FunctionnalTest" file="/mnt/d/arthur/Documents/Cours/YNOV/Mastère/CoorFrontBack/APIOpenJujitsu/tests/FunctionnalTest.php" line="77" assertions="1" time="0.428454"/>
      <testcase name="testPostRegisterWithUserInDB" class="FunctionnalTest" classname="FunctionnalTest" file="/mnt/d/arthur/Documents/Cours/YNOV/Mastère/CoorFrontBack/APIOpenJujitsu/tests/FunctionnalTest.php" line="91" assertions="1" time="2.386245"/>
      <testcase name="testPostLogin" class="FunctionnalTest" classname="FunctionnalTest" file="/mnt/d/arthur/Documents/Cours/YNOV/Mastère/CoorFrontBack/APIOpenJujitsu/tests/FunctionnalTest.php" line="106" assertions="2" time="0.290002"/>
    </testsuite>
    <testsuite name="UnitTest" file="/mnt/d/arthur/Documents/Cours/YNOV/Mastère/CoorFrontBack/APIOpenJujitsu/tests/UnitTest.php" tests="1" assertions="1" errors="0" warnings="0" failures="0" skipped="0" time="0.116814">
      <testcase name="testUnitRegister" class="UnitTest" classname="UnitTest" file="/mnt/d/arthur/Documents/Cours/YNOV/Mastère/CoorFrontBack/APIOpenJujitsu/tests/UnitTest.php" line="16" assertions="1" time="0.116814"/>
    </testsuite>
    <testsuite name="UserTest" file="/mnt/d/arthur/Documents/Cours/YNOV/Mastère/CoorFrontBack/APIOpenJujitsu/tests/UserTest.php" tests="4" assertions="4" errors="0" warnings="0" failures="0" skipped="0" time="0.717687">
      <testcase name="testGetByIdUser" class="UserTest" classname="UserTest" file="/mnt/d/arthur/Documents/Cours/YNOV/Mastère/CoorFrontBack/APIOpenJujitsu/tests/UserTest.php" line="20" assertions="1" time="0.178197"/>
      <testcase name="testCreateUser" class="UserTest" classname="UserTest" file="/mnt/d/arthur/Documents/Cours/YNOV/Mastère/CoorFrontBack/APIOpenJujitsu/tests/UserTest.php" line="31" assertions="1" time="0.192860"/>
      <testcase name="testUpdateUser" class="UserTest" classname="UserTest" file="/mnt/d/arthur/Documents/Cours/YNOV/Mastère/CoorFrontBack/APIOpenJujitsu/tests/UserTest.php" line="43" assertions="1" time="0.167341"/>
      <testcase name="testDeleteUser" class="UserTest" classname="UserTest" file="/mnt/d/arthur/Documents/Cours/YNOV/Mastère/CoorFrontBack/APIOpenJujitsu/tests/UserTest.php" line="57" assertions="1" time="0.179289"/>
    </testsuite>
  </testsuite>
</testsuites>
